<?xml version="1.0" encoding="UTF-8"?>
<!-- Generated by org.testng.reporters.JUnitXMLReporter -->
<testsuite hostname="SILICUS339" ignored="0" name="Default test" tests="3" failures="0" timestamp="30 Oct 2017 11:31:06 GMT" time="39.316" errors="0">
  <testcase name="loginWithInCorrectCredential" time="1.185" classname="TestClasses.TestCases"/>
  <testcase name="printGeneralIformation" time="5.472" classname="TestClasses.TestCases"/>
  <testcase name="verifyVacanciesPagesIsDisplayed" time="5.482" classname="TestClasses.TestCases"/>
</testsuite> <!-- Default test -->
