<?xml version="1.0" encoding="UTF-8"?>
<!-- Generated by org.testng.reporters.JUnitXMLReporter -->
<testsuite hostname="SILICUS339" ignored="0" name="Default test" tests="3" failures="0" timestamp="25 Oct 2017 12:25:31 GMT" time="37.342" errors="0">
  <testcase name="loginWithInCorrectCredential" time="1.188" classname="TestClasses.TestCases"/>
  <testcase name="printGeneralIformation" time="5.588" classname="TestClasses.TestCases"/>
  <testcase name="verifyVacanciesPagesIsDisplayed" time="5.656" classname="TestClasses.TestCases"/>
</testsuite> <!-- Default test -->
