<?xml version="1.0" encoding="UTF-8"?>
<testng-results skipped="0" failed="0" ignored="0" total="3" passed="3">
  <reporter-output>
  </reporter-output>
  <suite name="Default suite" duration-ms="37342" started-at="2017-10-25T12:24:54Z" finished-at="2017-10-25T12:25:31Z">
    <groups>
    </groups>
    <test name="Default test" duration-ms="37342" started-at="2017-10-25T12:24:54Z" finished-at="2017-10-25T12:25:31Z">
      <class name="TestClasses.TestCases">
        <test-method status="PASS" signature="setDriver()[pri:0, instance:TestClasses.TestCases@5c3bd550]" name="setDriver" is-config="true" duration-ms="8943" started-at="2017-10-25T17:54:54Z" finished-at="2017-10-25T17:55:03Z">
          <reporter-output>
          </reporter-output>
        </test-method> <!-- setDriver -->
        <test-method status="PASS" signature="loginWithInCorrectCredential()[pri:0, instance:TestClasses.TestCases@5c3bd550]" name="loginWithInCorrectCredential" duration-ms="1188" started-at="2017-10-25T17:55:03Z" finished-at="2017-10-25T17:55:04Z">
          <reporter-output>
          </reporter-output>
        </test-method> <!-- loginWithInCorrectCredential -->
        <test-method status="PASS" signature="quitBrowser()[pri:0, instance:TestClasses.TestCases@5c3bd550]" name="quitBrowser" is-config="true" duration-ms="985" started-at="2017-10-25T17:55:04Z" finished-at="2017-10-25T17:55:05Z">
          <reporter-output>
          </reporter-output>
        </test-method> <!-- quitBrowser -->
        <test-method status="PASS" signature="setDriver()[pri:0, instance:TestClasses.TestCases@5c3bd550]" name="setDriver" is-config="true" duration-ms="6244" started-at="2017-10-25T17:55:05Z" finished-at="2017-10-25T17:55:11Z">
          <reporter-output>
          </reporter-output>
        </test-method> <!-- setDriver -->
        <test-method status="PASS" signature="printGeneralIformation()[pri:0, instance:TestClasses.TestCases@5c3bd550]" name="printGeneralIformation" duration-ms="5588" started-at="2017-10-25T17:55:11Z" finished-at="2017-10-25T17:55:17Z">
          <reporter-output>
          </reporter-output>
        </test-method> <!-- printGeneralIformation -->
        <test-method status="PASS" signature="quitBrowser()[pri:0, instance:TestClasses.TestCases@5c3bd550]" name="quitBrowser" is-config="true" duration-ms="865" started-at="2017-10-25T17:55:17Z" finished-at="2017-10-25T17:55:18Z">
          <reporter-output>
          </reporter-output>
        </test-method> <!-- quitBrowser -->
        <test-method status="PASS" signature="setDriver()[pri:0, instance:TestClasses.TestCases@5c3bd550]" name="setDriver" is-config="true" duration-ms="6998" started-at="2017-10-25T17:55:18Z" finished-at="2017-10-25T17:55:25Z">
          <reporter-output>
          </reporter-output>
        </test-method> <!-- setDriver -->
        <test-method status="PASS" signature="verifyVacanciesPagesIsDisplayed()[pri:0, instance:TestClasses.TestCases@5c3bd550]" name="verifyVacanciesPagesIsDisplayed" duration-ms="5656" started-at="2017-10-25T17:55:25Z" finished-at="2017-10-25T17:55:30Z">
          <reporter-output>
          </reporter-output>
        </test-method> <!-- verifyVacanciesPagesIsDisplayed -->
        <test-method status="PASS" signature="quitBrowser()[pri:0, instance:TestClasses.TestCases@5c3bd550]" name="quitBrowser" is-config="true" duration-ms="856" started-at="2017-10-25T17:55:30Z" finished-at="2017-10-25T17:55:31Z">
          <reporter-output>
          </reporter-output>
        </test-method> <!-- quitBrowser -->
      </class> <!-- TestClasses.TestCases -->
    </test> <!-- Default test -->
  </suite> <!-- Default suite -->
</testng-results>
