<?xml version="1.0" encoding="UTF-8"?>
<testng-results skipped="0" failed="0" ignored="0" total="3" passed="3">
  <reporter-output>
  </reporter-output>
  <suite name="Default suite" duration-ms="39316" started-at="2017-10-30T11:30:26Z" finished-at="2017-10-30T11:31:06Z">
    <groups>
    </groups>
    <test name="Default test" duration-ms="39316" started-at="2017-10-30T11:30:26Z" finished-at="2017-10-30T11:31:06Z">
      <class name="TestClasses.TestCases">
        <test-method status="PASS" signature="setDriver()[pri:0, instance:TestClasses.TestCases@5c3bd550]" name="setDriver" is-config="true" duration-ms="8070" started-at="2017-10-30T17:00:26Z" finished-at="2017-10-30T17:00:34Z">
          <reporter-output>
          </reporter-output>
        </test-method> <!-- setDriver -->
        <test-method status="PASS" signature="loginWithInCorrectCredential()[pri:0, instance:TestClasses.TestCases@5c3bd550]" name="loginWithInCorrectCredential" duration-ms="1185" started-at="2017-10-30T17:00:34Z" finished-at="2017-10-30T17:00:36Z">
          <reporter-output>
          </reporter-output>
        </test-method> <!-- loginWithInCorrectCredential -->
        <test-method status="PASS" signature="quitBrowser()[pri:0, instance:TestClasses.TestCases@5c3bd550]" name="quitBrowser" is-config="true" duration-ms="988" started-at="2017-10-30T17:00:36Z" finished-at="2017-10-30T17:00:37Z">
          <reporter-output>
          </reporter-output>
        </test-method> <!-- quitBrowser -->
        <test-method status="PASS" signature="setDriver()[pri:0, instance:TestClasses.TestCases@5c3bd550]" name="setDriver" is-config="true" duration-ms="9326" started-at="2017-10-30T17:00:37Z" finished-at="2017-10-30T17:00:46Z">
          <reporter-output>
          </reporter-output>
        </test-method> <!-- setDriver -->
        <test-method status="PASS" signature="printGeneralIformation()[pri:0, instance:TestClasses.TestCases@5c3bd550]" name="printGeneralIformation" duration-ms="5472" started-at="2017-10-30T17:00:46Z" finished-at="2017-10-30T17:00:51Z">
          <reporter-output>
          </reporter-output>
        </test-method> <!-- printGeneralIformation -->
        <test-method status="PASS" signature="quitBrowser()[pri:0, instance:TestClasses.TestCases@5c3bd550]" name="quitBrowser" is-config="true" duration-ms="967" started-at="2017-10-30T17:00:51Z" finished-at="2017-10-30T17:00:52Z">
          <reporter-output>
          </reporter-output>
        </test-method> <!-- quitBrowser -->
        <test-method status="PASS" signature="setDriver()[pri:0, instance:TestClasses.TestCases@5c3bd550]" name="setDriver" is-config="true" duration-ms="6882" started-at="2017-10-30T17:00:52Z" finished-at="2017-10-30T17:00:59Z">
          <reporter-output>
          </reporter-output>
        </test-method> <!-- setDriver -->
        <test-method status="PASS" signature="verifyVacanciesPagesIsDisplayed()[pri:0, instance:TestClasses.TestCases@5c3bd550]" name="verifyVacanciesPagesIsDisplayed" duration-ms="5482" started-at="2017-10-30T17:00:59Z" finished-at="2017-10-30T17:01:05Z">
          <reporter-output>
          </reporter-output>
        </test-method> <!-- verifyVacanciesPagesIsDisplayed -->
        <test-method status="PASS" signature="quitBrowser()[pri:0, instance:TestClasses.TestCases@5c3bd550]" name="quitBrowser" is-config="true" duration-ms="926" started-at="2017-10-30T17:01:05Z" finished-at="2017-10-30T17:01:06Z">
          <reporter-output>
          </reporter-output>
        </test-method> <!-- quitBrowser -->
      </class> <!-- TestClasses.TestCases -->
    </test> <!-- Default test -->
  </suite> <!-- Default suite -->
</testng-results>
